tradePC1,1322832066,2007189,158198,013.gat,75,37,6000
tradePC2,1322832066,2002619,152291,013.gat,76,37,0
trade,158198,152291,3351,3,3350,19
tradeOk,158198,152291
tradePC1,1322846813,2000712,150196,013-1.gat,152,86,50000
tradePC2,1322846813,2002619,152291,013-1.gat,153,84,0
tradeOk,150196,152291
tradePC1,1322902414,2007515,158705,005.gat,95,85,110000
tradePC2,1322902414,2002619,152291,005.gat,96,85,0
tradeOk,158705,152291
tradePC1,1322902556,2002619,152291,005.gat,96,84,10000
tradePC2,1322902556,2007189,158198,005.gat,95,84,0
tradeOk,152291,158198
tradePC1,1322902642,2004630,154625,005.gat,99,82,0
tradePC2,1322902642,2002619,152291,005.gat,100,82,0
trade,154625,152291,658,-1,637,-1,655,-1,532,-1
tradeOk,154625,152291
tradePC1,1322912883,2000522,150002,002-02.gat,68,38,0
tradePC2,1322912883,2002619,152291,002-02.gat,70,39,0
trade,150002,152291,1990,-7
tradeOk,150002,152291
tradePC1,1323011240,2002619,155264,010.gat,157,79,0
tradePC2,1323011240,2002842,153280,010.gat,154,80,104000
trade,155264,153280,3334,1,3335,1
tradeOk,155264,153280
tradePC1,1323014207,2002619,152291,005.gat,97,79,0
tradePC2,1323014207,2006659,157183,005.gat,100,77,160000
trade,152291,157183,3004,1
tradeOk,152291,157183
